26-Aug-2025 16:24:50.622 INFO [main] org.apache.catalina.core.ApplicationContext.log ContextListener: contextInitialized()
26-Aug-2025 16:24:50.622 INFO [main] org.apache.catalina.core.ApplicationContext.log SessionListener: contextInitialized()
26-Aug-2025 16:24:50.623 INFO [main] org.apache.catalina.core.ApplicationContext.log ContextListener: attributeAdded('StockTicker', 'async.Stockticker@60fa3495')
26-Aug-2025 16:24:50.653 INFO [main] org.apache.catalina.core.ApplicationContext.log SessionListener: contextDestroyed()
26-Aug-2025 16:24:50.653 INFO [main] org.apache.catalina.core.ApplicationContext.log ContextListener: contextDestroyed()
26-Aug-2025 16:27:07.025 INFO [main] org.apache.catalina.core.ApplicationContext.log ContextListener: contextInitialized()
26-Aug-2025 16:27:07.025 INFO [main] org.apache.catalina.core.ApplicationContext.log SessionListener: contextInitialized()
26-Aug-2025 16:27:07.025 INFO [main] org.apache.catalina.core.ApplicationContext.log ContextListener: attributeAdded('StockTicker', 'async.Stockticker@6e521c1e')
26-Aug-2025 16:27:45.297 SEVERE [http-nio-8080-exec-6] org.apache.catalina.core.ApplicationDispatcher.invoke Servlet.service() for servlet [jsp] threw exception
	org.apache.jasper.JasperException: Unable to compile class for JSP: 

An error occurred at line: [18] in the jsp file: [/thanks.jsp]
Syntax error on token "!=", invalid (
15:                 <p>Here is the information that you entered:</p>
16: 
17:                 <% // Get the User object from the request User user=(User) request.getAttribute("user"); if (user
18:                     !=null) { %>
19:                     <div class="user-details">
20:                         <label>Email:</label>
21:                         <span>


An error occurred at line: [18] in the jsp file: [/thanks.jsp]
The left-hand side of an assignment must be a variable
15:                 <p>Here is the information that you entered:</p>
16: 
17:                 <% // Get the User object from the request User user=(User) request.getAttribute("user"); if (user
18:                     !=null) { %>
19:                     <div class="user-details">
20:                         <label>Email:</label>
21:                         <span>


An error occurred at line: [18] in the jsp file: [/thanks.jsp]
Syntax error, insert "AssignmentOperator Expression" to complete Assignment
15:                 <p>Here is the information that you entered:</p>
16: 
17:                 <% // Get the User object from the request User user=(User) request.getAttribute("user"); if (user
18:                     !=null) { %>
19:                     <div class="user-details">
20:                         <label>Email:</label>
21:                         <span>


An error occurred at line: [18] in the jsp file: [/thanks.jsp]
Syntax error, insert ";" to complete Statement
15:                 <p>Here is the information that you entered:</p>
16: 
17:                 <% // Get the User object from the request User user=(User) request.getAttribute("user"); if (user
18:                     !=null) { %>
19:                     <div class="user-details">
20:                         <label>Email:</label>
21:                         <span>


An error occurred at line: [22] in the jsp file: [/thanks.jsp]
user cannot be resolved
19:                     <div class="user-details">
20:                         <label>Email:</label>
21:                         <span>
22:                             <%= user.getEmail() %>
23:                         </span><br>
24:                         <label>First Name:</label>
25:                         <span>


An error occurred at line: [26] in the jsp file: [/thanks.jsp]
user cannot be resolved
23:                         </span><br>
24:                         <label>First Name:</label>
25:                         <span>
26:                             <%= user.getFirstName() %>
27:                         </span><br>
28:                         <label>Last Name:</label>
29:                         <span>


An error occurred at line: [30] in the jsp file: [/thanks.jsp]
user cannot be resolved
27:                         </span><br>
28:                         <label>Last Name:</label>
29:                         <span>
30:                             <%= user.getLastName() %>
31:                         </span><br>
32:                     </div>
33:                     <% } else { %>


An error occurred at line: [33] in the jsp file: [/thanks.jsp]
Syntax error on token "else", delete this token
30:                             <%= user.getLastName() %>
31:                         </span><br>
32:                     </div>
33:                     <% } else { %>
34:                         <p>No user data available.</p>
35:                         <% } %>
36: 


Stacktrace:
		at org.apache.jasper.compiler.DefaultErrorHandler.javacError(DefaultErrorHandler.java:72)
		at org.apache.jasper.compiler.ErrorDispatcher.javacError(ErrorDispatcher.java:192)
		at org.apache.jasper.compiler.JDTCompiler.generateClass(JDTCompiler.java:573)
		at org.apache.jasper.compiler.Compiler.compile(Compiler.java:372)
		at org.apache.jasper.compiler.Compiler.compile(Compiler.java:344)
		at org.apache.jasper.compiler.Compiler.compile(Compiler.java:330)
		at org.apache.jasper.JspCompilationContext.compile(JspCompilationContext.java:591)
		at org.apache.jasper.servlet.JspServletWrapper.service(JspServletWrapper.java:379)
		at org.apache.jasper.servlet.JspServlet.serviceJspFile(JspServlet.java:356)
		at org.apache.jasper.servlet.JspServlet.service(JspServlet.java:307)
		at javax.servlet.http.HttpServlet.service(HttpServlet.java:623)
		at org.apache.catalina.core.ApplicationFilterChain.internalDoFilter(ApplicationFilterChain.java:199)
		at org.apache.catalina.core.ApplicationFilterChain.doFilter(ApplicationFilterChain.java:144)
		at org.apache.tomcat.websocket.server.WsFilter.doFilter(WsFilter.java:51)
		at org.apache.catalina.core.ApplicationFilterChain.internalDoFilter(ApplicationFilterChain.java:168)
		at org.apache.catalina.core.ApplicationFilterChain.doFilter(ApplicationFilterChain.java:144)
		at org.apache.catalina.core.ApplicationDispatcher.invoke(ApplicationDispatcher.java:621)
		at org.apache.catalina.core.ApplicationDispatcher.processRequest(ApplicationDispatcher.java:401)
		at org.apache.catalina.core.ApplicationDispatcher.doForward(ApplicationDispatcher.java:340)
		at org.apache.catalina.core.ApplicationDispatcher.forward(ApplicationDispatcher.java:285)
		at murach.email.EmailListServlet.doPost(EmailListServlet.java:39)
		at javax.servlet.http.HttpServlet.service(HttpServlet.java:555)
		at javax.servlet.http.HttpServlet.service(HttpServlet.java:623)
		at org.apache.catalina.core.ApplicationFilterChain.internalDoFilter(ApplicationFilterChain.java:199)
		at org.apache.catalina.core.ApplicationFilterChain.doFilter(ApplicationFilterChain.java:144)
		at org.apache.tomcat.websocket.server.WsFilter.doFilter(WsFilter.java:51)
		at org.apache.catalina.core.ApplicationFilterChain.internalDoFilter(ApplicationFilterChain.java:168)
		at org.apache.catalina.core.ApplicationFilterChain.doFilter(ApplicationFilterChain.java:144)
		at org.apache.catalina.core.StandardWrapperValve.invoke(StandardWrapperValve.java:168)
		at org.apache.catalina.core.StandardContextValve.invoke(StandardContextValve.java:90)
		at org.apache.catalina.authenticator.AuthenticatorBase.invoke(AuthenticatorBase.java:482)
		at org.apache.catalina.core.StandardHostValve.invoke(StandardHostValve.java:130)
		at org.apache.catalina.valves.ErrorReportValve.invoke(ErrorReportValve.java:93)
		at org.apache.catalina.valves.AbstractAccessLogValve.invoke(AbstractAccessLogValve.java:656)
		at org.apache.catalina.core.StandardEngineValve.invoke(StandardEngineValve.java:74)
		at org.apache.catalina.connector.CoyoteAdapter.service(CoyoteAdapter.java:346)
		at org.apache.coyote.http11.Http11Processor.service(Http11Processor.java:397)
		at org.apache.coyote.AbstractProcessorLight.process(AbstractProcessorLight.java:63)
		at org.apache.coyote.AbstractProtocol$ConnectionHandler.process(AbstractProtocol.java:935)
		at org.apache.tomcat.util.net.NioEndpoint$SocketProcessor.doRun(NioEndpoint.java:1826)
		at org.apache.tomcat.util.net.SocketProcessorBase.run(SocketProcessorBase.java:52)
		at org.apache.tomcat.util.threads.ThreadPoolExecutor.runWorker(ThreadPoolExecutor.java:1189)
		at org.apache.tomcat.util.threads.ThreadPoolExecutor$Worker.run(ThreadPoolExecutor.java:658)
		at org.apache.tomcat.util.threads.TaskThread$WrappingRunnable.run(TaskThread.java:63)
		at java.base/java.lang.Thread.run(Thread.java:840)
26-Aug-2025 16:27:45.297 SEVERE [http-nio-8080-exec-6] org.apache.catalina.core.StandardWrapperValve.invoke Servlet.service() for servlet [EmailListServlet] in context with path [/Lesson] threw exception [Unable to compile class for JSP: 

An error occurred at line: [18] in the jsp file: [/thanks.jsp]
Syntax error on token "!=", invalid (
15:                 <p>Here is the information that you entered:</p>
16: 
17:                 <% // Get the User object from the request User user=(User) request.getAttribute("user"); if (user
18:                     !=null) { %>
19:                     <div class="user-details">
20:                         <label>Email:</label>
21:                         <span>


An error occurred at line: [18] in the jsp file: [/thanks.jsp]
The left-hand side of an assignment must be a variable
15:                 <p>Here is the information that you entered:</p>
16: 
17:                 <% // Get the User object from the request User user=(User) request.getAttribute("user"); if (user
18:                     !=null) { %>
19:                     <div class="user-details">
20:                         <label>Email:</label>
21:                         <span>


An error occurred at line: [18] in the jsp file: [/thanks.jsp]
Syntax error, insert "AssignmentOperator Expression" to complete Assignment
15:                 <p>Here is the information that you entered:</p>
16: 
17:                 <% // Get the User object from the request User user=(User) request.getAttribute("user"); if (user
18:                     !=null) { %>
19:                     <div class="user-details">
20:                         <label>Email:</label>
21:                         <span>


An error occurred at line: [18] in the jsp file: [/thanks.jsp]
Syntax error, insert ";" to complete Statement
15:                 <p>Here is the information that you entered:</p>
16: 
17:                 <% // Get the User object from the request User user=(User) request.getAttribute("user"); if (user
18:                     !=null) { %>
19:                     <div class="user-details">
20:                         <label>Email:</label>
21:                         <span>


An error occurred at line: [22] in the jsp file: [/thanks.jsp]
user cannot be resolved
19:                     <div class="user-details">
20:                         <label>Email:</label>
21:                         <span>
22:                             <%= user.getEmail() %>
23:                         </span><br>
24:                         <label>First Name:</label>
25:                         <span>


An error occurred at line: [26] in the jsp file: [/thanks.jsp]
user cannot be resolved
23:                         </span><br>
24:                         <label>First Name:</label>
25:                         <span>
26:                             <%= user.getFirstName() %>
27:                         </span><br>
28:                         <label>Last Name:</label>
29:                         <span>


An error occurred at line: [30] in the jsp file: [/thanks.jsp]
user cannot be resolved
27:                         </span><br>
28:                         <label>Last Name:</label>
29:                         <span>
30:                             <%= user.getLastName() %>
31:                         </span><br>
32:                     </div>
33:                     <% } else { %>


An error occurred at line: [33] in the jsp file: [/thanks.jsp]
Syntax error on token "else", delete this token
30:                             <%= user.getLastName() %>
31:                         </span><br>
32:                     </div>
33:                     <% } else { %>
34:                         <p>No user data available.</p>
35:                         <% } %>
36: 


Stacktrace:] with root cause
	org.apache.jasper.JasperException: Unable to compile class for JSP: 

An error occurred at line: [18] in the jsp file: [/thanks.jsp]
Syntax error on token "!=", invalid (
15:                 <p>Here is the information that you entered:</p>
16: 
17:                 <% // Get the User object from the request User user=(User) request.getAttribute("user"); if (user
18:                     !=null) { %>
19:                     <div class="user-details">
20:                         <label>Email:</label>
21:                         <span>


An error occurred at line: [18] in the jsp file: [/thanks.jsp]
The left-hand side of an assignment must be a variable
15:                 <p>Here is the information that you entered:</p>
16: 
17:                 <% // Get the User object from the request User user=(User) request.getAttribute("user"); if (user
18:                     !=null) { %>
19:                     <div class="user-details">
20:                         <label>Email:</label>
21:                         <span>


An error occurred at line: [18] in the jsp file: [/thanks.jsp]
Syntax error, insert "AssignmentOperator Expression" to complete Assignment
15:                 <p>Here is the information that you entered:</p>
16: 
17:                 <% // Get the User object from the request User user=(User) request.getAttribute("user"); if (user
18:                     !=null) { %>
19:                     <div class="user-details">
20:                         <label>Email:</label>
21:                         <span>


An error occurred at line: [18] in the jsp file: [/thanks.jsp]
Syntax error, insert ";" to complete Statement
15:                 <p>Here is the information that you entered:</p>
16: 
17:                 <% // Get the User object from the request User user=(User) request.getAttribute("user"); if (user
18:                     !=null) { %>
19:                     <div class="user-details">
20:                         <label>Email:</label>
21:                         <span>


An error occurred at line: [22] in the jsp file: [/thanks.jsp]
user cannot be resolved
19:                     <div class="user-details">
20:                         <label>Email:</label>
21:                         <span>
22:                             <%= user.getEmail() %>
23:                         </span><br>
24:                         <label>First Name:</label>
25:                         <span>


An error occurred at line: [26] in the jsp file: [/thanks.jsp]
user cannot be resolved
23:                         </span><br>
24:                         <label>First Name:</label>
25:                         <span>
26:                             <%= user.getFirstName() %>
27:                         </span><br>
28:                         <label>Last Name:</label>
29:                         <span>


An error occurred at line: [30] in the jsp file: [/thanks.jsp]
user cannot be resolved
27:                         </span><br>
28:                         <label>Last Name:</label>
29:                         <span>
30:                             <%= user.getLastName() %>
31:                         </span><br>
32:                     </div>
33:                     <% } else { %>


An error occurred at line: [33] in the jsp file: [/thanks.jsp]
Syntax error on token "else", delete this token
30:                             <%= user.getLastName() %>
31:                         </span><br>
32:                     </div>
33:                     <% } else { %>
34:                         <p>No user data available.</p>
35:                         <% } %>
36: 


Stacktrace:
		at org.apache.jasper.compiler.DefaultErrorHandler.javacError(DefaultErrorHandler.java:72)
		at org.apache.jasper.compiler.ErrorDispatcher.javacError(ErrorDispatcher.java:192)
		at org.apache.jasper.compiler.JDTCompiler.generateClass(JDTCompiler.java:573)
		at org.apache.jasper.compiler.Compiler.compile(Compiler.java:372)
		at org.apache.jasper.compiler.Compiler.compile(Compiler.java:344)
		at org.apache.jasper.compiler.Compiler.compile(Compiler.java:330)
		at org.apache.jasper.JspCompilationContext.compile(JspCompilationContext.java:591)
		at org.apache.jasper.servlet.JspServletWrapper.service(JspServletWrapper.java:379)
		at org.apache.jasper.servlet.JspServlet.serviceJspFile(JspServlet.java:356)
		at org.apache.jasper.servlet.JspServlet.service(JspServlet.java:307)
		at javax.servlet.http.HttpServlet.service(HttpServlet.java:623)
		at org.apache.catalina.core.ApplicationFilterChain.internalDoFilter(ApplicationFilterChain.java:199)
		at org.apache.catalina.core.ApplicationFilterChain.doFilter(ApplicationFilterChain.java:144)
		at org.apache.tomcat.websocket.server.WsFilter.doFilter(WsFilter.java:51)
		at org.apache.catalina.core.ApplicationFilterChain.internalDoFilter(ApplicationFilterChain.java:168)
		at org.apache.catalina.core.ApplicationFilterChain.doFilter(ApplicationFilterChain.java:144)
		at org.apache.catalina.core.ApplicationDispatcher.invoke(ApplicationDispatcher.java:621)
		at org.apache.catalina.core.ApplicationDispatcher.processRequest(ApplicationDispatcher.java:401)
		at org.apache.catalina.core.ApplicationDispatcher.doForward(ApplicationDispatcher.java:340)
		at org.apache.catalina.core.ApplicationDispatcher.forward(ApplicationDispatcher.java:285)
		at murach.email.EmailListServlet.doPost(EmailListServlet.java:39)
		at javax.servlet.http.HttpServlet.service(HttpServlet.java:555)
		at javax.servlet.http.HttpServlet.service(HttpServlet.java:623)
		at org.apache.catalina.core.ApplicationFilterChain.internalDoFilter(ApplicationFilterChain.java:199)
		at org.apache.catalina.core.ApplicationFilterChain.doFilter(ApplicationFilterChain.java:144)
		at org.apache.tomcat.websocket.server.WsFilter.doFilter(WsFilter.java:51)
		at org.apache.catalina.core.ApplicationFilterChain.internalDoFilter(ApplicationFilterChain.java:168)
		at org.apache.catalina.core.ApplicationFilterChain.doFilter(ApplicationFilterChain.java:144)
		at org.apache.catalina.core.StandardWrapperValve.invoke(StandardWrapperValve.java:168)
		at org.apache.catalina.core.StandardContextValve.invoke(StandardContextValve.java:90)
		at org.apache.catalina.authenticator.AuthenticatorBase.invoke(AuthenticatorBase.java:482)
		at org.apache.catalina.core.StandardHostValve.invoke(StandardHostValve.java:130)
		at org.apache.catalina.valves.ErrorReportValve.invoke(ErrorReportValve.java:93)
		at org.apache.catalina.valves.AbstractAccessLogValve.invoke(AbstractAccessLogValve.java:656)
		at org.apache.catalina.core.StandardEngineValve.invoke(StandardEngineValve.java:74)
		at org.apache.catalina.connector.CoyoteAdapter.service(CoyoteAdapter.java:346)
		at org.apache.coyote.http11.Http11Processor.service(Http11Processor.java:397)
		at org.apache.coyote.AbstractProcessorLight.process(AbstractProcessorLight.java:63)
		at org.apache.coyote.AbstractProtocol$ConnectionHandler.process(AbstractProtocol.java:935)
		at org.apache.tomcat.util.net.NioEndpoint$SocketProcessor.doRun(NioEndpoint.java:1826)
		at org.apache.tomcat.util.net.SocketProcessorBase.run(SocketProcessorBase.java:52)
		at org.apache.tomcat.util.threads.ThreadPoolExecutor.runWorker(ThreadPoolExecutor.java:1189)
		at org.apache.tomcat.util.threads.ThreadPoolExecutor$Worker.run(ThreadPoolExecutor.java:658)
		at org.apache.tomcat.util.threads.TaskThread$WrappingRunnable.run(TaskThread.java:63)
		at java.base/java.lang.Thread.run(Thread.java:840)
26-Aug-2025 16:30:28.266 INFO [Catalina-utility-2] org.apache.catalina.core.ApplicationContext.log SessionListener: contextDestroyed()
26-Aug-2025 16:30:28.266 INFO [Catalina-utility-2] org.apache.catalina.core.ApplicationContext.log ContextListener: contextDestroyed()
26-Aug-2025 16:31:33.784 INFO [main] org.apache.catalina.core.ApplicationContext.log ContextListener: contextInitialized()
26-Aug-2025 16:31:33.784 INFO [main] org.apache.catalina.core.ApplicationContext.log SessionListener: contextInitialized()
26-Aug-2025 16:31:33.785 INFO [main] org.apache.catalina.core.ApplicationContext.log ContextListener: attributeAdded('StockTicker', 'async.Stockticker@6c67e137')
26-Aug-2025 16:31:33.812 INFO [main] org.apache.catalina.core.ApplicationContext.log SessionListener: contextDestroyed()
26-Aug-2025 16:31:33.812 INFO [main] org.apache.catalina.core.ApplicationContext.log ContextListener: contextDestroyed()
26-Aug-2025 16:31:58.473 INFO [main] org.apache.catalina.core.ApplicationContext.log ContextListener: contextInitialized()
26-Aug-2025 16:31:58.473 INFO [main] org.apache.catalina.core.ApplicationContext.log SessionListener: contextInitialized()
26-Aug-2025 16:31:58.473 INFO [main] org.apache.catalina.core.ApplicationContext.log ContextListener: attributeAdded('StockTicker', 'async.Stockticker@2cf23c81')
26-Aug-2025 16:37:08.120 INFO [main] org.apache.catalina.core.ApplicationContext.log SessionListener: contextDestroyed()
26-Aug-2025 16:37:08.120 INFO [main] org.apache.catalina.core.ApplicationContext.log ContextListener: contextDestroyed()
26-Aug-2025 16:37:12.580 INFO [main] org.apache.catalina.core.ApplicationContext.log ContextListener: contextInitialized()
26-Aug-2025 16:37:12.580 INFO [main] org.apache.catalina.core.ApplicationContext.log SessionListener: contextInitialized()
26-Aug-2025 16:37:12.580 INFO [main] org.apache.catalina.core.ApplicationContext.log ContextListener: attributeAdded('StockTicker', 'async.Stockticker@224b4d61')
26-Aug-2025 16:37:37.149 SEVERE [http-nio-8080-exec-6] org.apache.catalina.core.ApplicationDispatcher.invoke Servlet.service() for servlet [jsp] threw exception
	org.apache.jasper.JasperException: Unable to compile class for JSP: 

An error occurred at line: [27] in the jsp file: [/thanks.jsp]
The method getDob() is undefined for the type User
24:                 <label>Last Name:</label>
25:                 <span><%= user.getLastName() %></span><br>
26:                 <label>Date of Birth:</label>
27:                 <span><%= user.getDob() %></span><br>
28:             </div>
29:         <%
30:             } else {


Stacktrace:
		at org.apache.jasper.compiler.DefaultErrorHandler.javacError(DefaultErrorHandler.java:72)
		at org.apache.jasper.compiler.ErrorDispatcher.javacError(ErrorDispatcher.java:192)
		at org.apache.jasper.compiler.JDTCompiler.generateClass(JDTCompiler.java:573)
		at org.apache.jasper.compiler.Compiler.compile(Compiler.java:372)
		at org.apache.jasper.compiler.Compiler.compile(Compiler.java:344)
		at org.apache.jasper.compiler.Compiler.compile(Compiler.java:330)
		at org.apache.jasper.JspCompilationContext.compile(JspCompilationContext.java:591)
		at org.apache.jasper.servlet.JspServletWrapper.service(JspServletWrapper.java:379)
		at org.apache.jasper.servlet.JspServlet.serviceJspFile(JspServlet.java:356)
		at org.apache.jasper.servlet.JspServlet.service(JspServlet.java:307)
		at javax.servlet.http.HttpServlet.service(HttpServlet.java:623)
		at org.apache.catalina.core.ApplicationFilterChain.internalDoFilter(ApplicationFilterChain.java:199)
		at org.apache.catalina.core.ApplicationFilterChain.doFilter(ApplicationFilterChain.java:144)
		at org.apache.tomcat.websocket.server.WsFilter.doFilter(WsFilter.java:51)
		at org.apache.catalina.core.ApplicationFilterChain.internalDoFilter(ApplicationFilterChain.java:168)
		at org.apache.catalina.core.ApplicationFilterChain.doFilter(ApplicationFilterChain.java:144)
		at org.apache.catalina.core.ApplicationDispatcher.invoke(ApplicationDispatcher.java:621)
		at org.apache.catalina.core.ApplicationDispatcher.processRequest(ApplicationDispatcher.java:401)
		at org.apache.catalina.core.ApplicationDispatcher.doForward(ApplicationDispatcher.java:340)
		at org.apache.catalina.core.ApplicationDispatcher.forward(ApplicationDispatcher.java:285)
		at murach.email.EmailListServlet.doPost(EmailListServlet.java:39)
		at javax.servlet.http.HttpServlet.service(HttpServlet.java:555)
		at javax.servlet.http.HttpServlet.service(HttpServlet.java:623)
		at org.apache.catalina.core.ApplicationFilterChain.internalDoFilter(ApplicationFilterChain.java:199)
		at org.apache.catalina.core.ApplicationFilterChain.doFilter(ApplicationFilterChain.java:144)
		at org.apache.tomcat.websocket.server.WsFilter.doFilter(WsFilter.java:51)
		at org.apache.catalina.core.ApplicationFilterChain.internalDoFilter(ApplicationFilterChain.java:168)
		at org.apache.catalina.core.ApplicationFilterChain.doFilter(ApplicationFilterChain.java:144)
		at org.apache.catalina.core.StandardWrapperValve.invoke(StandardWrapperValve.java:168)
		at org.apache.catalina.core.StandardContextValve.invoke(StandardContextValve.java:90)
		at org.apache.catalina.authenticator.AuthenticatorBase.invoke(AuthenticatorBase.java:482)
		at org.apache.catalina.core.StandardHostValve.invoke(StandardHostValve.java:130)
		at org.apache.catalina.valves.ErrorReportValve.invoke(ErrorReportValve.java:93)
		at org.apache.catalina.valves.AbstractAccessLogValve.invoke(AbstractAccessLogValve.java:656)
		at org.apache.catalina.core.StandardEngineValve.invoke(StandardEngineValve.java:74)
		at org.apache.catalina.connector.CoyoteAdapter.service(CoyoteAdapter.java:346)
		at org.apache.coyote.http11.Http11Processor.service(Http11Processor.java:397)
		at org.apache.coyote.AbstractProcessorLight.process(AbstractProcessorLight.java:63)
		at org.apache.coyote.AbstractProtocol$ConnectionHandler.process(AbstractProtocol.java:935)
		at org.apache.tomcat.util.net.NioEndpoint$SocketProcessor.doRun(NioEndpoint.java:1826)
		at org.apache.tomcat.util.net.SocketProcessorBase.run(SocketProcessorBase.java:52)
		at org.apache.tomcat.util.threads.ThreadPoolExecutor.runWorker(ThreadPoolExecutor.java:1189)
		at org.apache.tomcat.util.threads.ThreadPoolExecutor$Worker.run(ThreadPoolExecutor.java:658)
		at org.apache.tomcat.util.threads.TaskThread$WrappingRunnable.run(TaskThread.java:63)
		at java.base/java.lang.Thread.run(Thread.java:840)
26-Aug-2025 16:37:37.149 SEVERE [http-nio-8080-exec-6] org.apache.catalina.core.StandardWrapperValve.invoke Servlet.service() for servlet [EmailListServlet] in context with path [/Lesson] threw exception [Unable to compile class for JSP: 

An error occurred at line: [27] in the jsp file: [/thanks.jsp]
The method getDob() is undefined for the type User
24:                 <label>Last Name:</label>
25:                 <span><%= user.getLastName() %></span><br>
26:                 <label>Date of Birth:</label>
27:                 <span><%= user.getDob() %></span><br>
28:             </div>
29:         <%
30:             } else {


Stacktrace:] with root cause
	org.apache.jasper.JasperException: Unable to compile class for JSP: 

An error occurred at line: [27] in the jsp file: [/thanks.jsp]
The method getDob() is undefined for the type User
24:                 <label>Last Name:</label>
25:                 <span><%= user.getLastName() %></span><br>
26:                 <label>Date of Birth:</label>
27:                 <span><%= user.getDob() %></span><br>
28:             </div>
29:         <%
30:             } else {


Stacktrace:
		at org.apache.jasper.compiler.DefaultErrorHandler.javacError(DefaultErrorHandler.java:72)
		at org.apache.jasper.compiler.ErrorDispatcher.javacError(ErrorDispatcher.java:192)
		at org.apache.jasper.compiler.JDTCompiler.generateClass(JDTCompiler.java:573)
		at org.apache.jasper.compiler.Compiler.compile(Compiler.java:372)
		at org.apache.jasper.compiler.Compiler.compile(Compiler.java:344)
		at org.apache.jasper.compiler.Compiler.compile(Compiler.java:330)
		at org.apache.jasper.JspCompilationContext.compile(JspCompilationContext.java:591)
		at org.apache.jasper.servlet.JspServletWrapper.service(JspServletWrapper.java:379)
		at org.apache.jasper.servlet.JspServlet.serviceJspFile(JspServlet.java:356)
		at org.apache.jasper.servlet.JspServlet.service(JspServlet.java:307)
		at javax.servlet.http.HttpServlet.service(HttpServlet.java:623)
		at org.apache.catalina.core.ApplicationFilterChain.internalDoFilter(ApplicationFilterChain.java:199)
		at org.apache.catalina.core.ApplicationFilterChain.doFilter(ApplicationFilterChain.java:144)
		at org.apache.tomcat.websocket.server.WsFilter.doFilter(WsFilter.java:51)
		at org.apache.catalina.core.ApplicationFilterChain.internalDoFilter(ApplicationFilterChain.java:168)
		at org.apache.catalina.core.ApplicationFilterChain.doFilter(ApplicationFilterChain.java:144)
		at org.apache.catalina.core.ApplicationDispatcher.invoke(ApplicationDispatcher.java:621)
		at org.apache.catalina.core.ApplicationDispatcher.processRequest(ApplicationDispatcher.java:401)
		at org.apache.catalina.core.ApplicationDispatcher.doForward(ApplicationDispatcher.java:340)
		at org.apache.catalina.core.ApplicationDispatcher.forward(ApplicationDispatcher.java:285)
		at murach.email.EmailListServlet.doPost(EmailListServlet.java:39)
		at javax.servlet.http.HttpServlet.service(HttpServlet.java:555)
		at javax.servlet.http.HttpServlet.service(HttpServlet.java:623)
		at org.apache.catalina.core.ApplicationFilterChain.internalDoFilter(ApplicationFilterChain.java:199)
		at org.apache.catalina.core.ApplicationFilterChain.doFilter(ApplicationFilterChain.java:144)
		at org.apache.tomcat.websocket.server.WsFilter.doFilter(WsFilter.java:51)
		at org.apache.catalina.core.ApplicationFilterChain.internalDoFilter(ApplicationFilterChain.java:168)
		at org.apache.catalina.core.ApplicationFilterChain.doFilter(ApplicationFilterChain.java:144)
		at org.apache.catalina.core.StandardWrapperValve.invoke(StandardWrapperValve.java:168)
		at org.apache.catalina.core.StandardContextValve.invoke(StandardContextValve.java:90)
		at org.apache.catalina.authenticator.AuthenticatorBase.invoke(AuthenticatorBase.java:482)
		at org.apache.catalina.core.StandardHostValve.invoke(StandardHostValve.java:130)
		at org.apache.catalina.valves.ErrorReportValve.invoke(ErrorReportValve.java:93)
		at org.apache.catalina.valves.AbstractAccessLogValve.invoke(AbstractAccessLogValve.java:656)
		at org.apache.catalina.core.StandardEngineValve.invoke(StandardEngineValve.java:74)
		at org.apache.catalina.connector.CoyoteAdapter.service(CoyoteAdapter.java:346)
		at org.apache.coyote.http11.Http11Processor.service(Http11Processor.java:397)
		at org.apache.coyote.AbstractProcessorLight.process(AbstractProcessorLight.java:63)
		at org.apache.coyote.AbstractProtocol$ConnectionHandler.process(AbstractProtocol.java:935)
		at org.apache.tomcat.util.net.NioEndpoint$SocketProcessor.doRun(NioEndpoint.java:1826)
		at org.apache.tomcat.util.net.SocketProcessorBase.run(SocketProcessorBase.java:52)
		at org.apache.tomcat.util.threads.ThreadPoolExecutor.runWorker(ThreadPoolExecutor.java:1189)
		at org.apache.tomcat.util.threads.ThreadPoolExecutor$Worker.run(ThreadPoolExecutor.java:658)
		at org.apache.tomcat.util.threads.TaskThread$WrappingRunnable.run(TaskThread.java:63)
		at java.base/java.lang.Thread.run(Thread.java:840)
26-Aug-2025 16:43:20.104 INFO [main] org.apache.catalina.core.ApplicationContext.log ContextListener: contextInitialized()
26-Aug-2025 16:43:20.104 INFO [main] org.apache.catalina.core.ApplicationContext.log SessionListener: contextInitialized()
26-Aug-2025 16:43:20.105 INFO [main] org.apache.catalina.core.ApplicationContext.log ContextListener: attributeAdded('StockTicker', 'async.Stockticker@6865c751')
26-Aug-2025 16:43:20.135 INFO [main] org.apache.catalina.core.ApplicationContext.log SessionListener: contextDestroyed()
26-Aug-2025 16:43:20.135 INFO [main] org.apache.catalina.core.ApplicationContext.log ContextListener: contextDestroyed()
