28-Aug-2025 13:12:40.618 INFO [main] org.apache.catalina.core.ApplicationContext.log ContextListener: contextInitialized()
28-Aug-2025 13:12:40.619 INFO [main] org.apache.catalina.core.ApplicationContext.log SessionListener: contextInitialized()
28-Aug-2025 13:12:40.619 INFO [main] org.apache.catalina.core.ApplicationContext.log ContextListener: attributeAdded('StockTicker', 'async.Stockticker@191ae03f')
28-Aug-2025 13:12:40.649 INFO [main] org.apache.catalina.core.ApplicationContext.log SessionListener: contextDestroyed()
28-Aug-2025 13:12:40.649 INFO [main] org.apache.catalina.core.ApplicationContext.log ContextListener: contextDestroyed()
28-Aug-2025 13:14:30.696 INFO [main] org.apache.catalina.core.ApplicationContext.log SessionListener: contextDestroyed()
28-Aug-2025 13:14:30.696 INFO [main] org.apache.catalina.core.ApplicationContext.log ContextListener: contextDestroyed()
28-Aug-2025 13:58:24.709 INFO [main] org.apache.catalina.core.ApplicationContext.log ContextListener: contextInitialized()
28-Aug-2025 13:58:24.709 INFO [main] org.apache.catalina.core.ApplicationContext.log SessionListener: contextInitialized()
28-Aug-2025 13:58:24.710 INFO [main] org.apache.catalina.core.ApplicationContext.log ContextListener: attributeAdded('StockTicker', 'async.Stockticker@4a8a60bc')
28-Aug-2025 14:01:08.179 INFO [main] org.apache.catalina.core.ApplicationContext.log SessionListener: contextDestroyed()
28-Aug-2025 14:01:08.179 INFO [main] org.apache.catalina.core.ApplicationContext.log ContextListener: contextDestroyed()
28-Aug-2025 14:31:45.343 INFO [main] org.apache.catalina.core.ApplicationContext.log ContextListener: contextInitialized()
28-Aug-2025 14:31:45.343 INFO [main] org.apache.catalina.core.ApplicationContext.log SessionListener: contextInitialized()
28-Aug-2025 14:31:45.343 INFO [main] org.apache.catalina.core.ApplicationContext.log ContextListener: attributeAdded('StockTicker', 'async.Stockticker@62dae245')
28-Aug-2025 14:32:23.576 INFO [main] org.apache.catalina.core.ApplicationContext.log SessionListener: contextDestroyed()
28-Aug-2025 14:32:23.576 INFO [main] org.apache.catalina.core.ApplicationContext.log ContextListener: contextDestroyed()
28-Aug-2025 14:45:54.374 INFO [main] org.apache.catalina.core.ApplicationContext.log ContextListener: contextInitialized()
28-Aug-2025 14:45:54.374 INFO [main] org.apache.catalina.core.ApplicationContext.log SessionListener: contextInitialized()
28-Aug-2025 14:45:54.374 INFO [main] org.apache.catalina.core.ApplicationContext.log ContextListener: attributeAdded('StockTicker', 'async.Stockticker@7876d598')
28-Aug-2025 14:59:14.076 INFO [main] org.apache.catalina.core.ApplicationContext.log SessionListener: contextDestroyed()
28-Aug-2025 14:59:14.077 INFO [main] org.apache.catalina.core.ApplicationContext.log ContextListener: contextDestroyed()
28-Aug-2025 15:01:25.138 INFO [main] org.apache.catalina.core.ApplicationContext.log ContextListener: contextInitialized()
28-Aug-2025 15:01:25.138 INFO [main] org.apache.catalina.core.ApplicationContext.log SessionListener: contextInitialized()
28-Aug-2025 15:01:25.138 INFO [main] org.apache.catalina.core.ApplicationContext.log ContextListener: attributeAdded('StockTicker', 'async.Stockticker@2c177f9e')
28-Aug-2025 15:06:51.826 INFO [main] org.apache.catalina.core.ApplicationContext.log SessionListener: contextDestroyed()
28-Aug-2025 15:06:51.826 INFO [main] org.apache.catalina.core.ApplicationContext.log ContextListener: contextDestroyed()
28-Aug-2025 15:08:33.953 INFO [main] org.apache.catalina.core.ApplicationContext.log ContextListener: contextInitialized()
28-Aug-2025 15:08:33.953 INFO [main] org.apache.catalina.core.ApplicationContext.log SessionListener: contextInitialized()
28-Aug-2025 15:08:33.953 INFO [main] org.apache.catalina.core.ApplicationContext.log ContextListener: attributeAdded('StockTicker', 'async.Stockticker@5db4c359')
